<?xml version="1.0" encoding="UTF-8"?>
<!-- Generated by org.testng.reporters.JUnitXMLReporter -->
<testsuite ignored="0" hostname="DESKTOP-V2ONJQQ" failures="1" tests="9" name="Para Bank App Test Cases" time="51.537" errors="0" timestamp="27 Feb 2023 12:06:49 GMT">
  <testcase classname="com.ddt.test.LoginPageTest" name="loginPageTitleTest" time="0.028"/>
  <testcase classname="com.ddt.test.HomePageTest" name="verifyHomePageTitle" time="0.008">
    <failure type="java.lang.AssertionError" message="expected [ParaBank | Accounts Overview] but found [ParaBank | Error]">
      <![CDATA[java.lang.AssertionError: expected [ParaBank | Accounts Overview] but found [ParaBank | Error]
	at com.ddt.test.HomePageTest.verifyHomePageTitle(HomePageTest.java:48)
... Removed 29 stack frames]]>
    </failure>
  </testcase> <!-- verifyHomePageTitle -->
  <testcase classname="com.ddt.test.LoginPageTest" name="parabankLogoImageTest" time="0.068"/>
  <testcase classname="com.ddt.test.HomePageTest" name="verifyAbousUsLinkTest" time="0.38"/>
  <testcase classname="com.ddt.test.LoginPageTest" name="loginTest" time="0.799"/>
  <testcase classname="com.ddt.test.HomePageTest" name="verifyServicesLinkTest" time="0.92"/>
  <testcase classname="com.ddt.test.HomePageTest" name="verifyProductsLinkTest" time="5.334"/>
  <testcase classname="com.ddt.test.HomePageTest" name="verifyLocationsLinkTest" time="4.273"/>
  <testcase classname="com.ddt.test.HomePageTest" name="verifyAdminLinkTest" time="0.451"/>
</testsuite> <!-- Para Bank App Test Cases -->
